{
  "RSpec": {
    "coverage": {
      "/Users/naterive/Desktop/TechExpert/rails/hiNative/app/models/user.rb": [
        1,
        null,
        null,
        1,
        null,
        null,
        1,
        null,
        null
      ],
      "/Users/naterive/Desktop/TechExpert/rails/hiNative/app/models/application_record.rb": [
        1,
        1,
        null
      ],
      "/Users/naterive/Desktop/TechExpert/rails/hiNative/app/helpers/application_helper.rb": [
        1,
        null
      ],
      "/Users/naterive/Desktop/TechExpert/rails/hiNative/app/helpers/categories_helper.rb": [
        1,
        null
      ],
      "/Users/naterive/Desktop/TechExpert/rails/hiNative/app/helpers/chats_helper.rb": [
        1,
        null
      ],
      "/Users/naterive/Desktop/TechExpert/rails/hiNative/app/helpers/tops_helper.rb": [
        1,
        null
      ],
      "/Users/naterive/Desktop/TechExpert/rails/hiNative/app/helpers/users_helper.rb": [
        1,
        null
      ],
      "/Users/naterive/Desktop/TechExpert/rails/hiNative/app/mailers/application_mailer.rb": [
        0,
        0,
        0,
        0
      ],
      "/Users/naterive/Desktop/TechExpert/rails/hiNative/app/models/category.rb": [
        0,
        0
      ],
      "/Users/naterive/Desktop/TechExpert/rails/hiNative/app/models/chat.rb": [
        0,
        0
      ],
      "/Users/naterive/Desktop/TechExpert/rails/hiNative/app/models/ability.rb": [
        0,
        0,
        null,
        0,
        0,
        0,
        0,
        0,
        null,
        null,
        null,
        null,
        null,
        null,
        null,
        null,
        null,
        null,
        null,
        null,
        null,
        null,
        null,
        null,
        null,
        null,
        null,
        null,
        null,
        null,
        null,
        null,
        null,
        null,
        0,
        0
      ],
      "/Users/naterive/Desktop/TechExpert/rails/hiNative/app/jobs/application_job.rb": [
        0,
        0
      ],
      "/Users/naterive/Desktop/TechExpert/rails/hiNative/app/controllers/application_controller.rb": [
        0,
        0,
        null,
        0,
        null,
        0,
        null,
        0,
        0,
        0,
        0,
        0
      ],
      "/Users/naterive/Desktop/TechExpert/rails/hiNative/app/controllers/categories_controller.rb": [
        0,
        0
      ],
      "/Users/naterive/Desktop/TechExpert/rails/hiNative/app/controllers/questions_controller.rb": [
        0,
        0,
        0,
        0
      ],
      "/Users/naterive/Desktop/TechExpert/rails/hiNative/app/controllers/users_controller.rb": [
        0,
        0
      ],
      "/Users/naterive/Desktop/TechExpert/rails/hiNative/app/controllers/tops_controller.rb": [
        0,
        null,
        0,
        0,
        null,
        0
      ],
      "/Users/naterive/Desktop/TechExpert/rails/hiNative/app/controllers/chats_controller.rb": [
        0,
        null,
        0,
        0,
        0
      ],
      "/Users/naterive/Desktop/TechExpert/rails/hiNative/app/channels/application_cable/connection.rb": [
        0,
        0,
        0,
        0
      ],
      "/Users/naterive/Desktop/TechExpert/rails/hiNative/app/channels/application_cable/channel.rb": [
        0,
        0,
        0,
        0
      ]
    },
    "timestamp": 1525411075
  }
}
